2023-05-03 13:11:50,565 [Worker-5: Loading available Gradle versions] INFO  o.e.b.c.i.u.g.PublishedGradleVersions - Gradle version information cache is up-to-date. Trying to read.
2023-05-03 13:13:15,690 [Worker-6: Launching mavenrun-a5b373f7-765b-4297-80b6-8227f73532a1] INFO  o.e.m.i.launch.MavenLaunchDelegate - G:\JAVA_FRAMWORK\SPRING
2023-05-03 13:13:15,701 [Worker-6: Launching mavenrun-a5b373f7-765b-4297-80b6-8227f73532a1] INFO  o.e.m.i.launch.MavenLaunchDelegate -  mvn -DarchetypeVersion=1.1 -Dpackage=com.spring -DarchetypeGroupId=org.apache.maven.archetypes -DarchetypeArtifactId=maven-archetype-quickstart -DgroupId=com.spring -DartifactId=SpringCORE -DoutputDirectory=G:\JAVA_FRAMWORK\SPRING -Dversion=0.0.1-SNAPSHOT -Dstyle.color=always -U archetype:generate
2023-05-03 13:13:43,707 [Worker-12: Creating maven-archetype-quickstart] INFO  o.e.m.c.i.p.ProjectConfigurationManager - Collecting project info '/pom.xml' G:\JAVA_FRAMWORK\SPRING\SpringCORE\pom.xml
2023-05-03 13:13:46,315 [Worker-12: Creating maven-archetype-quickstart] INFO  o.e.m.c.i.l.LifecycleMappingFactory - Using org.eclipse.m2e.jdt.JarLifecycleMapping lifecycle mapping for MavenProject: com.spring:SpringCORE:0.0.1-SNAPSHOT @ G:\JAVA_FRAMWORK\SPRING\SpringCORE\pom.xml.
2023-05-03 13:13:47,241 [Worker-12: Creating maven-archetype-quickstart] INFO  o.e.m.j.i.AbstractJavaProjectConfigurator - Adding source folder /SpringCORE/src/main/java
2023-05-03 13:13:47,250 [Worker-12: Creating maven-archetype-quickstart] INFO  o.e.m.j.i.AbstractJavaProjectConfigurator - Adding source folder /SpringCORE/src/test/java
2023-05-03 13:13:50,277 [Worker-12: Building] INFO  o.e.m.c.i.embedder.EclipseLogger - Using 'UTF-8' encoding to copy filtered resources.
2023-05-03 13:13:50,277 [Worker-12: Building] INFO  o.e.m.c.i.embedder.EclipseLogger - skip non existing resourceDirectory G:\JAVA_FRAMWORK\SPRING\SpringCORE\src\main\resources
2023-05-03 13:13:50,284 [Worker-12: Building] INFO  o.e.m.c.i.embedder.EclipseLogger - Using 'UTF-8' encoding to copy filtered resources.
2023-05-03 13:13:50,285 [Worker-12: Building] INFO  o.e.m.c.i.embedder.EclipseLogger - skip non existing resourceDirectory G:\JAVA_FRAMWORK\SPRING\SpringCORE\src\test\resources
2023-05-03 13:14:32,879 [Worker-13: Updating Maven Project] INFO  o.e.m.c.i.p.ProjectConfigurationManager - Update started
2023-05-03 13:14:33,883 [Worker-13: Updating Maven Project] INFO  o.e.m.c.i.l.LifecycleMappingFactory - Using org.eclipse.m2e.jdt.JarLifecycleMapping lifecycle mapping for MavenProject: com.spring:SpringCORE:0.0.1-SNAPSHOT @ G:\JAVA_FRAMWORK\SPRING\SpringCORE\pom.xml.
2023-05-03 13:14:34,143 [Worker-13: Updating Maven Project] INFO  o.e.m.j.i.AbstractJavaProjectConfigurator - Adding source folder /SpringCORE/src/main/java
2023-05-03 13:14:34,144 [Worker-13: Updating Maven Project] INFO  o.e.m.j.i.AbstractJavaProjectConfigurator - Adding source folder /SpringCORE/src/test/java
2023-05-03 13:14:34,763 [Worker-9: Building] INFO  o.e.m.c.i.embedder.EclipseLogger - Using 'UTF-8' encoding to copy filtered resources.
2023-05-03 13:14:34,764 [Worker-9: Building] INFO  o.e.m.c.i.embedder.EclipseLogger - skip non existing resourceDirectory G:\JAVA_FRAMWORK\SPRING\SpringCORE\src\main\resources
2023-05-03 13:14:34,769 [Worker-9: Building] INFO  o.e.m.c.i.embedder.EclipseLogger - Using 'UTF-8' encoding to copy filtered resources.
2023-05-03 13:14:34,770 [Worker-9: Building] INFO  o.e.m.c.i.embedder.EclipseLogger - skip non existing resourceDirectory G:\JAVA_FRAMWORK\SPRING\SpringCORE\src\test\resources
2023-05-04 10:14:29,970 [Worker-3: Loading available Gradle versions] INFO  o.e.b.c.i.u.g.PublishedGradleVersions - Gradle version information cache is up-to-date. Trying to read.
2023-05-04 10:15:02,829 [Worker-11: Building] INFO  o.e.m.c.i.embedder.EclipseLogger - Using 'UTF-8' encoding to copy filtered resources.
2023-05-04 10:15:02,832 [Worker-11: Building] INFO  o.e.m.c.i.embedder.EclipseLogger - skip non existing resourceDirectory G:\JAVA_FRAMWORK\SPRING\SpringCORE\src\main\resources
2023-05-04 10:15:02,841 [Worker-11: Building] INFO  o.e.m.c.i.embedder.EclipseLogger - Using 'UTF-8' encoding to copy filtered resources.
2023-05-04 10:15:02,842 [Worker-11: Building] INFO  o.e.m.c.i.embedder.EclipseLogger - skip non existing resourceDirectory G:\JAVA_FRAMWORK\SPRING\SpringCORE\src\test\resources
2023-05-05 08:08:39,884 [Worker-3: Loading available Gradle versions] INFO  o.e.b.c.i.u.g.PublishedGradleVersions - Gradle version information cache is out-of-date. Trying to update.
2023-05-05 08:08:46,347 [Worker-5: Building] INFO  o.e.m.c.i.embedder.EclipseLogger - Using 'UTF-8' encoding to copy filtered resources.
2023-05-05 08:08:46,348 [Worker-5: Building] INFO  o.e.m.c.i.embedder.EclipseLogger - skip non existing resourceDirectory G:\JAVA_FRAMWORK\SPRING\SpringCORE\src\main\resources
2023-05-05 08:08:46,365 [Worker-5: Building] INFO  o.e.m.c.i.embedder.EclipseLogger - Using 'UTF-8' encoding to copy filtered resources.
2023-05-05 08:08:46,388 [Worker-5: Building] INFO  o.e.m.c.i.embedder.EclipseLogger - skip non existing resourceDirectory G:\JAVA_FRAMWORK\SPRING\SpringCORE\src\test\resources
2023-05-05 11:35:59,652 [Worker-0: Loading available Gradle versions] INFO  o.e.b.c.i.u.g.PublishedGradleVersions - Gradle version information cache is up-to-date. Trying to read.
2023-05-05 12:34:32,292 [Worker-1: Loading available Gradle versions] INFO  o.e.b.c.i.u.g.PublishedGradleVersions - Gradle version information cache is up-to-date. Trying to read.
2023-05-05 16:17:30,297 [Worker-1: Loading available Gradle versions] INFO  o.e.b.c.i.u.g.PublishedGradleVersions - Gradle version information cache is up-to-date. Trying to read.
2023-05-05 17:06:14,672 [Worker-16: Launching mavenrun-4a31a5d0-23c1-41e6-a30b-416b98b3d6a9] INFO  o.e.m.i.launch.MavenLaunchDelegate - G:\JAVA_FRAMWORK\SPRING
2023-05-05 17:06:14,682 [Worker-16: Launching mavenrun-4a31a5d0-23c1-41e6-a30b-416b98b3d6a9] INFO  o.e.m.i.launch.MavenLaunchDelegate -  mvn -DarchetypeVersion=1.1 -Dpackage=com.Primitive_Datatypes -DarchetypeGroupId=org.apache.maven.archetypes -DarchetypeArtifactId=maven-archetype-quickstart -DgroupId=com.Primitive_Datatypes -DartifactId=SpringCORE -DoutputDirectory=G:\JAVA_FRAMWORK\SPRING -Dversion=0.0.1-SNAPSHOT -Dstyle.color=always -U archetype:generate
2023-05-05 17:08:33,915 [Worker-19: Creating maven-archetype-quickstart] INFO  o.e.m.c.i.p.ProjectConfigurationManager - Collecting project info '/pom.xml' G:\JAVA_FRAMWORK\SPRING\SpringCORE\pom.xml
2023-05-05 17:08:36,723 [Worker-19: Creating maven-archetype-quickstart] INFO  o.e.m.c.i.l.LifecycleMappingFactory - Using org.eclipse.m2e.jdt.JarLifecycleMapping lifecycle mapping for MavenProject: com.Primitive_Datatypes:SpringCORE:0.0.1-SNAPSHOT @ G:\JAVA_FRAMWORK\SPRING\SpringCORE\pom.xml.
2023-05-05 17:08:37,528 [Worker-19: Creating maven-archetype-quickstart] INFO  o.e.m.j.i.AbstractJavaProjectConfigurator - Adding source folder /SpringCORE/src/main/java
2023-05-05 17:08:37,535 [Worker-19: Creating maven-archetype-quickstart] INFO  o.e.m.j.i.AbstractJavaProjectConfigurator - Adding source folder /SpringCORE/src/test/java
2023-05-05 17:08:40,896 [Worker-21: Building] INFO  o.e.m.c.i.embedder.EclipseLogger - Using 'UTF-8' encoding to copy filtered resources.
2023-05-05 17:08:40,897 [Worker-21: Building] INFO  o.e.m.c.i.embedder.EclipseLogger - skip non existing resourceDirectory G:\JAVA_FRAMWORK\SPRING\SpringCORE\src\main\resources
2023-05-05 17:08:40,904 [Worker-21: Building] INFO  o.e.m.c.i.embedder.EclipseLogger - Using 'UTF-8' encoding to copy filtered resources.
2023-05-05 17:08:40,905 [Worker-21: Building] INFO  o.e.m.c.i.embedder.EclipseLogger - skip non existing resourceDirectory G:\JAVA_FRAMWORK\SPRING\SpringCORE\src\test\resources
2023-05-05 17:20:50,267 [Worker-20: Building] INFO  o.e.m.c.i.l.LifecycleMappingFactory - Using org.eclipse.m2e.jdt.JarLifecycleMapping lifecycle mapping for MavenProject: com.Primitive_Datatypes:SpringCORE:0.0.1-SNAPSHOT @ G:\JAVA_FRAMWORK\SPRING\SpringCORE\pom.xml.
2023-05-05 17:20:50,548 [Worker-20: Building] INFO  o.e.m.c.i.embedder.EclipseLogger - Using 'UTF-8' encoding to copy filtered resources.
2023-05-05 17:20:50,548 [Worker-20: Building] INFO  o.e.m.c.i.embedder.EclipseLogger - skip non existing resourceDirectory G:\JAVA_FRAMWORK\SPRING\SpringCORE\src\main\resources
2023-05-05 17:20:50,555 [Worker-20: Building] INFO  o.e.m.c.i.embedder.EclipseLogger - Using 'UTF-8' encoding to copy filtered resources.
2023-05-05 17:20:50,555 [Worker-20: Building] INFO  o.e.m.c.i.embedder.EclipseLogger - skip non existing resourceDirectory G:\JAVA_FRAMWORK\SPRING\SpringCORE\src\test\resources
2023-05-05 17:20:52,393 [Worker-27: Download sources and javadoc] INFO  o.e.m.c.i.e.AbstractTransferListenerAdapter - Downloading https://repo.maven.apache.org/maven2/org/springframework/spring-core/6.0.8/spring-core-6.0.8-sources.jar
2023-05-05 17:20:52,890 [Worker-20: Building] INFO  o.e.m.c.i.embedder.EclipseLogger - Using 'UTF-8' encoding to copy filtered resources.
2023-05-05 17:20:52,890 [Worker-20: Building] INFO  o.e.m.c.i.embedder.EclipseLogger - skip non existing resourceDirectory G:\JAVA_FRAMWORK\SPRING\SpringCORE\src\main\resources
2023-05-05 17:20:52,898 [Worker-20: Building] INFO  o.e.m.c.i.embedder.EclipseLogger - Using 'UTF-8' encoding to copy filtered resources.
2023-05-05 17:20:52,898 [Worker-20: Building] INFO  o.e.m.c.i.embedder.EclipseLogger - skip non existing resourceDirectory G:\JAVA_FRAMWORK\SPRING\SpringCORE\src\test\resources
2023-05-05 17:20:53,034 [Worker-27: Download sources and javadoc] INFO  o.e.m.c.i.e.AbstractTransferListenerAdapter - Downloaded https://repo.maven.apache.org/maven2/org/springframework/spring-core/6.0.8/spring-core-6.0.8-sources.jar
2023-05-05 17:20:53,042 [Worker-27: Download sources and javadoc] INFO  o.e.m.j.internal.DownloadSourcesJob - Downloaded sources for org.springframework:spring-core:6.0.8
2023-05-05 17:20:53,159 [Worker-27: Download sources and javadoc] INFO  o.e.m.c.i.e.AbstractTransferListenerAdapter - Downloading https://repo.maven.apache.org/maven2/org/springframework/spring-jcl/6.0.8/spring-jcl-6.0.8-sources.jar
2023-05-05 17:20:53,226 [Worker-27: Download sources and javadoc] INFO  o.e.m.c.i.e.AbstractTransferListenerAdapter - Downloaded https://repo.maven.apache.org/maven2/org/springframework/spring-jcl/6.0.8/spring-jcl-6.0.8-sources.jar
2023-05-05 17:20:53,231 [Worker-27: Download sources and javadoc] INFO  o.e.m.j.internal.DownloadSourcesJob - Downloaded sources for org.springframework:spring-jcl:6.0.8
2023-05-05 17:20:53,432 [Worker-27: Download sources and javadoc] INFO  o.e.m.c.i.e.AbstractTransferListenerAdapter - Downloading https://repo.maven.apache.org/maven2/org/springframework/spring-context/6.0.8/spring-context-6.0.8-sources.jar
2023-05-05 17:20:53,813 [Worker-27: Download sources and javadoc] INFO  o.e.m.c.i.e.AbstractTransferListenerAdapter - Downloaded https://repo.maven.apache.org/maven2/org/springframework/spring-context/6.0.8/spring-context-6.0.8-sources.jar
2023-05-05 17:20:53,819 [Worker-27: Download sources and javadoc] INFO  o.e.m.j.internal.DownloadSourcesJob - Downloaded sources for org.springframework:spring-context:6.0.8
2023-05-05 17:20:53,961 [Worker-27: Download sources and javadoc] INFO  o.e.m.c.i.e.AbstractTransferListenerAdapter - Downloading https://repo.maven.apache.org/maven2/org/springframework/spring-aop/6.0.8/spring-aop-6.0.8-sources.jar
2023-05-05 17:20:54,325 [Worker-27: Download sources and javadoc] INFO  o.e.m.c.i.e.AbstractTransferListenerAdapter - Downloaded https://repo.maven.apache.org/maven2/org/springframework/spring-aop/6.0.8/spring-aop-6.0.8-sources.jar
2023-05-05 17:20:54,334 [Worker-27: Download sources and javadoc] INFO  o.e.m.j.internal.DownloadSourcesJob - Downloaded sources for org.springframework:spring-aop:6.0.8
2023-05-05 17:20:54,462 [Worker-27: Download sources and javadoc] INFO  o.e.m.c.i.e.AbstractTransferListenerAdapter - Downloading https://repo.maven.apache.org/maven2/org/springframework/spring-beans/6.0.8/spring-beans-6.0.8-sources.jar
2023-05-05 17:20:54,891 [Worker-27: Download sources and javadoc] INFO  o.e.m.c.i.e.AbstractTransferListenerAdapter - Downloaded https://repo.maven.apache.org/maven2/org/springframework/spring-beans/6.0.8/spring-beans-6.0.8-sources.jar
2023-05-05 17:20:54,902 [Worker-27: Download sources and javadoc] INFO  o.e.m.j.internal.DownloadSourcesJob - Downloaded sources for org.springframework:spring-beans:6.0.8
2023-05-05 17:20:55,073 [Worker-27: Download sources and javadoc] INFO  o.e.m.c.i.e.AbstractTransferListenerAdapter - Downloading https://repo.maven.apache.org/maven2/org/springframework/spring-expression/6.0.8/spring-expression-6.0.8-sources.jar
2023-05-05 17:20:55,264 [Worker-27: Download sources and javadoc] INFO  o.e.m.c.i.e.AbstractTransferListenerAdapter - Downloaded https://repo.maven.apache.org/maven2/org/springframework/spring-expression/6.0.8/spring-expression-6.0.8-sources.jar
2023-05-05 17:20:55,275 [Worker-27: Download sources and javadoc] INFO  o.e.m.j.internal.DownloadSourcesJob - Downloaded sources for org.springframework:spring-expression:6.0.8
2023-05-05 17:20:55,534 [Worker-27: Building] INFO  o.e.m.c.i.embedder.EclipseLogger - Using 'UTF-8' encoding to copy filtered resources.
2023-05-05 17:20:55,535 [Worker-27: Building] INFO  o.e.m.c.i.embedder.EclipseLogger - skip non existing resourceDirectory G:\JAVA_FRAMWORK\SPRING\SpringCORE\src\main\resources
2023-05-05 17:20:55,540 [Worker-27: Building] INFO  o.e.m.c.i.embedder.EclipseLogger - Using 'UTF-8' encoding to copy filtered resources.
2023-05-05 17:20:55,540 [Worker-27: Building] INFO  o.e.m.c.i.embedder.EclipseLogger - skip non existing resourceDirectory G:\JAVA_FRAMWORK\SPRING\SpringCORE\src\test\resources
2023-05-05 17:21:23,368 [Worker-28: Download sources and javadoc] INFO  o.e.m.j.internal.DownloadSourcesJob - Downloaded sources for org.springframework:spring-core:6.0.8
2023-05-05 17:21:23,377 [Worker-28: Download sources and javadoc] INFO  o.e.m.j.internal.DownloadSourcesJob - Downloaded sources for org.springframework:spring-jcl:6.0.8
2023-05-05 17:21:23,385 [Worker-28: Download sources and javadoc] INFO  o.e.m.j.internal.DownloadSourcesJob - Downloaded sources for org.springframework:spring-context:6.0.8
2023-05-05 17:21:23,394 [Worker-28: Download sources and javadoc] INFO  o.e.m.j.internal.DownloadSourcesJob - Downloaded sources for org.springframework:spring-aop:6.0.8
2023-05-05 17:21:23,402 [Worker-28: Download sources and javadoc] INFO  o.e.m.j.internal.DownloadSourcesJob - Downloaded sources for org.springframework:spring-beans:6.0.8
2023-05-05 17:21:23,409 [Worker-28: Download sources and javadoc] INFO  o.e.m.j.internal.DownloadSourcesJob - Downloaded sources for org.springframework:spring-expression:6.0.8
2023-05-05 17:21:23,570 [Worker-26: Building] INFO  o.e.m.c.i.embedder.EclipseLogger - Using 'UTF-8' encoding to copy filtered resources.
2023-05-05 17:21:23,570 [Worker-26: Building] INFO  o.e.m.c.i.embedder.EclipseLogger - skip non existing resourceDirectory G:\JAVA_FRAMWORK\SPRING\SpringCORE\src\main\resources
2023-05-05 17:21:23,574 [Worker-26: Building] INFO  o.e.m.c.i.embedder.EclipseLogger - Using 'UTF-8' encoding to copy filtered resources.
2023-05-05 17:21:23,575 [Worker-26: Building] INFO  o.e.m.c.i.embedder.EclipseLogger - skip non existing resourceDirectory G:\JAVA_FRAMWORK\SPRING\SpringCORE\src\test\resources
2023-05-05 17:21:33,247 [Worker-27: Updating Maven Project] INFO  o.e.m.c.i.p.ProjectConfigurationManager - Update started
2023-05-05 17:21:33,910 [Worker-27: Updating Maven Project] INFO  o.e.m.c.i.l.LifecycleMappingFactory - Using org.eclipse.m2e.jdt.JarLifecycleMapping lifecycle mapping for MavenProject: com.Primitive_Datatypes:SpringCORE:0.0.1-SNAPSHOT @ G:\JAVA_FRAMWORK\SPRING\SpringCORE\pom.xml.
2023-05-05 17:21:34,135 [Worker-27: Updating Maven Project] INFO  o.e.m.j.i.AbstractJavaProjectConfigurator - Adding source folder /SpringCORE/src/main/java
2023-05-05 17:21:34,136 [Worker-27: Updating Maven Project] INFO  o.e.m.j.i.AbstractJavaProjectConfigurator - Adding source folder /SpringCORE/src/test/java
2023-05-05 17:21:35,050 [Worker-28: Building] INFO  o.e.m.c.i.embedder.EclipseLogger - Using 'UTF-8' encoding to copy filtered resources.
2023-05-05 17:21:35,051 [Worker-28: Building] INFO  o.e.m.c.i.embedder.EclipseLogger - skip non existing resourceDirectory G:\JAVA_FRAMWORK\SPRING\SpringCORE\src\main\resources
2023-05-05 17:21:35,060 [Worker-28: Building] INFO  o.e.m.c.i.embedder.EclipseLogger - Using 'UTF-8' encoding to copy filtered resources.
2023-05-05 17:21:35,060 [Worker-28: Building] INFO  o.e.m.c.i.embedder.EclipseLogger - skip non existing resourceDirectory G:\JAVA_FRAMWORK\SPRING\SpringCORE\src\test\resources
2023-05-05 17:22:02,023 [Worker-26: Building] INFO  o.e.m.c.i.embedder.EclipseLogger - Using 'UTF-8' encoding to copy filtered resources.
2023-05-05 17:22:02,024 [Worker-26: Building] INFO  o.e.m.c.i.embedder.EclipseLogger - skip non existing resourceDirectory G:\JAVA_FRAMWORK\SPRING\SpringCORE\src\main\resources
2023-05-05 17:22:02,028 [Worker-26: Building] INFO  o.e.m.c.i.embedder.EclipseLogger - Using 'UTF-8' encoding to copy filtered resources.
2023-05-05 17:22:02,028 [Worker-26: Building] INFO  o.e.m.c.i.embedder.EclipseLogger - skip non existing resourceDirectory G:\JAVA_FRAMWORK\SPRING\SpringCORE\src\test\resources
2023-05-05 17:43:38,632 [Worker-34: Building] INFO  o.e.m.c.i.embedder.EclipseLogger - Using 'UTF-8' encoding to copy filtered resources.
2023-05-05 17:43:38,633 [Worker-34: Building] INFO  o.e.m.c.i.embedder.EclipseLogger - skip non existing resourceDirectory G:\JAVA_FRAMWORK\SPRING\SpringCORE\src\main\resources
2023-05-05 17:43:38,638 [Worker-34: Building] INFO  o.e.m.c.i.embedder.EclipseLogger - Using 'UTF-8' encoding to copy filtered resources.
2023-05-05 17:43:38,639 [Worker-34: Building] INFO  o.e.m.c.i.embedder.EclipseLogger - skip non existing resourceDirectory G:\JAVA_FRAMWORK\SPRING\SpringCORE\src\test\resources
2023-05-05 20:12:57,117 [Worker-42: Building] INFO  o.e.m.c.i.embedder.EclipseLogger - Using 'UTF-8' encoding to copy filtered resources.
2023-05-05 20:12:57,132 [Worker-42: Building] INFO  o.e.m.c.i.embedder.EclipseLogger - skip non existing resourceDirectory G:\JAVA_FRAMWORK\SPRING\SpringCORE\src\main\resources
2023-05-05 20:12:57,140 [Worker-42: Building] INFO  o.e.m.c.i.embedder.EclipseLogger - Using 'UTF-8' encoding to copy filtered resources.
2023-05-05 20:12:57,140 [Worker-42: Building] INFO  o.e.m.c.i.embedder.EclipseLogger - skip non existing resourceDirectory G:\JAVA_FRAMWORK\SPRING\SpringCORE\src\test\resources
2023-05-05 20:13:31,867 [Worker-41: Building] INFO  o.e.m.c.i.embedder.EclipseLogger - Using 'UTF-8' encoding to copy filtered resources.
2023-05-05 20:13:31,868 [Worker-41: Building] INFO  o.e.m.c.i.embedder.EclipseLogger - skip non existing resourceDirectory G:\JAVA_FRAMWORK\SPRING\SpringCORE\src\main\resources
2023-05-05 20:13:31,873 [Worker-41: Building] INFO  o.e.m.c.i.embedder.EclipseLogger - Using 'UTF-8' encoding to copy filtered resources.
2023-05-05 20:13:31,873 [Worker-41: Building] INFO  o.e.m.c.i.embedder.EclipseLogger - skip non existing resourceDirectory G:\JAVA_FRAMWORK\SPRING\SpringCORE\src\test\resources
2023-05-05 20:13:38,268 [Worker-43: Building] INFO  o.e.m.c.i.embedder.EclipseLogger - Using 'UTF-8' encoding to copy filtered resources.
2023-05-05 20:13:38,269 [Worker-43: Building] INFO  o.e.m.c.i.embedder.EclipseLogger - skip non existing resourceDirectory G:\JAVA_FRAMWORK\SPRING\SpringCORE\src\main\resources
2023-05-05 20:13:38,275 [Worker-43: Building] INFO  o.e.m.c.i.embedder.EclipseLogger - Using 'UTF-8' encoding to copy filtered resources.
2023-05-05 20:13:38,275 [Worker-43: Building] INFO  o.e.m.c.i.embedder.EclipseLogger - skip non existing resourceDirectory G:\JAVA_FRAMWORK\SPRING\SpringCORE\src\test\resources
2023-05-05 20:14:54,133 [Worker-43: Building] INFO  o.e.m.c.i.embedder.EclipseLogger - Using 'UTF-8' encoding to copy filtered resources.
2023-05-05 20:14:54,134 [Worker-43: Building] INFO  o.e.m.c.i.embedder.EclipseLogger - skip non existing resourceDirectory G:\JAVA_FRAMWORK\SPRING\SpringCORE\src\main\resources
2023-05-05 20:14:54,138 [Worker-43: Building] INFO  o.e.m.c.i.embedder.EclipseLogger - Using 'UTF-8' encoding to copy filtered resources.
2023-05-05 20:14:54,138 [Worker-43: Building] INFO  o.e.m.c.i.embedder.EclipseLogger - skip non existing resourceDirectory G:\JAVA_FRAMWORK\SPRING\SpringCORE\src\test\resources
2023-05-05 20:15:11,359 [Worker-41: Building] INFO  o.e.m.c.i.embedder.EclipseLogger - Using 'UTF-8' encoding to copy filtered resources.
2023-05-05 20:15:11,359 [Worker-41: Building] INFO  o.e.m.c.i.embedder.EclipseLogger - skip non existing resourceDirectory G:\JAVA_FRAMWORK\SPRING\SpringCORE\src\main\resources
2023-05-05 20:15:11,362 [Worker-41: Building] INFO  o.e.m.c.i.embedder.EclipseLogger - Using 'UTF-8' encoding to copy filtered resources.
2023-05-05 20:15:11,362 [Worker-41: Building] INFO  o.e.m.c.i.embedder.EclipseLogger - skip non existing resourceDirectory G:\JAVA_FRAMWORK\SPRING\SpringCORE\src\test\resources
2023-05-05 20:21:14,162 [Worker-46: Building] INFO  o.e.m.c.i.embedder.EclipseLogger - Using 'UTF-8' encoding to copy filtered resources.
2023-05-05 20:21:14,162 [Worker-46: Building] INFO  o.e.m.c.i.embedder.EclipseLogger - skip non existing resourceDirectory G:\JAVA_FRAMWORK\SPRING\SpringCORE\src\main\resources
2023-05-05 20:21:14,167 [Worker-46: Building] INFO  o.e.m.c.i.embedder.EclipseLogger - Using 'UTF-8' encoding to copy filtered resources.
2023-05-05 20:21:14,168 [Worker-46: Building] INFO  o.e.m.c.i.embedder.EclipseLogger - skip non existing resourceDirectory G:\JAVA_FRAMWORK\SPRING\SpringCORE\src\test\resources
2023-05-05 20:21:43,086 [Worker-44: Building] INFO  o.e.m.c.i.embedder.EclipseLogger - Using 'UTF-8' encoding to copy filtered resources.
2023-05-05 20:21:43,086 [Worker-44: Building] INFO  o.e.m.c.i.embedder.EclipseLogger - skip non existing resourceDirectory G:\JAVA_FRAMWORK\SPRING\SpringCORE\src\main\resources
2023-05-05 20:21:43,091 [Worker-44: Building] INFO  o.e.m.c.i.embedder.EclipseLogger - Using 'UTF-8' encoding to copy filtered resources.
2023-05-05 20:21:43,091 [Worker-44: Building] INFO  o.e.m.c.i.embedder.EclipseLogger - skip non existing resourceDirectory G:\JAVA_FRAMWORK\SPRING\SpringCORE\src\test\resources
2023-05-05 20:37:03,787 [Worker-49: Building] INFO  o.e.m.c.i.embedder.EclipseLogger - Using 'UTF-8' encoding to copy filtered resources.
2023-05-05 20:37:03,788 [Worker-49: Building] INFO  o.e.m.c.i.embedder.EclipseLogger - skip non existing resourceDirectory G:\JAVA_FRAMWORK\SPRING\SpringCORE\src\main\resources
2023-05-05 20:37:03,793 [Worker-49: Building] INFO  o.e.m.c.i.embedder.EclipseLogger - Using 'UTF-8' encoding to copy filtered resources.
2023-05-05 20:37:03,793 [Worker-49: Building] INFO  o.e.m.c.i.embedder.EclipseLogger - skip non existing resourceDirectory G:\JAVA_FRAMWORK\SPRING\SpringCORE\src\test\resources
2023-05-05 20:37:09,875 [Worker-51: Building] INFO  o.e.m.c.i.embedder.EclipseLogger - Using 'UTF-8' encoding to copy filtered resources.
2023-05-05 20:37:09,876 [Worker-51: Building] INFO  o.e.m.c.i.embedder.EclipseLogger - skip non existing resourceDirectory G:\JAVA_FRAMWORK\SPRING\SpringCORE\src\main\resources
2023-05-05 20:37:09,882 [Worker-51: Building] INFO  o.e.m.c.i.embedder.EclipseLogger - Using 'UTF-8' encoding to copy filtered resources.
2023-05-05 20:37:09,882 [Worker-51: Building] INFO  o.e.m.c.i.embedder.EclipseLogger - skip non existing resourceDirectory G:\JAVA_FRAMWORK\SPRING\SpringCORE\src\test\resources
2023-05-05 20:37:35,993 [Worker-49: Building] INFO  o.e.m.c.i.embedder.EclipseLogger - Using 'UTF-8' encoding to copy filtered resources.
2023-05-05 20:37:35,995 [Worker-49: Building] INFO  o.e.m.c.i.embedder.EclipseLogger - skip non existing resourceDirectory G:\JAVA_FRAMWORK\SPRING\SpringCORE\src\main\resources
2023-05-05 20:37:35,998 [Worker-49: Building] INFO  o.e.m.c.i.embedder.EclipseLogger - Using 'UTF-8' encoding to copy filtered resources.
2023-05-05 20:37:35,999 [Worker-49: Building] INFO  o.e.m.c.i.embedder.EclipseLogger - skip non existing resourceDirectory G:\JAVA_FRAMWORK\SPRING\SpringCORE\src\test\resources
2023-05-05 21:06:10,587 [Worker-56: Building] INFO  o.e.m.c.i.embedder.EclipseLogger - Using 'UTF-8' encoding to copy filtered resources.
2023-05-05 21:06:10,588 [Worker-56: Building] INFO  o.e.m.c.i.embedder.EclipseLogger - skip non existing resourceDirectory G:\JAVA_FRAMWORK\SPRING\SpringCORE\src\main\resources
2023-05-05 21:06:10,593 [Worker-56: Building] INFO  o.e.m.c.i.embedder.EclipseLogger - Using 'UTF-8' encoding to copy filtered resources.
2023-05-05 21:06:10,593 [Worker-56: Building] INFO  o.e.m.c.i.embedder.EclipseLogger - skip non existing resourceDirectory G:\JAVA_FRAMWORK\SPRING\SpringCORE\src\test\resources
2023-05-05 21:07:08,185 [Worker-54: Building] INFO  o.e.m.c.i.embedder.EclipseLogger - Using 'UTF-8' encoding to copy filtered resources.
2023-05-05 21:07:08,185 [Worker-54: Building] INFO  o.e.m.c.i.embedder.EclipseLogger - skip non existing resourceDirectory G:\JAVA_FRAMWORK\SPRING\SpringCORE\src\main\resources
2023-05-05 21:07:08,190 [Worker-54: Building] INFO  o.e.m.c.i.embedder.EclipseLogger - Using 'UTF-8' encoding to copy filtered resources.
2023-05-05 21:07:08,190 [Worker-54: Building] INFO  o.e.m.c.i.embedder.EclipseLogger - skip non existing resourceDirectory G:\JAVA_FRAMWORK\SPRING\SpringCORE\src\test\resources
2023-05-05 21:07:11,190 [Worker-54: Building] INFO  o.e.m.c.i.embedder.EclipseLogger - Using 'UTF-8' encoding to copy filtered resources.
2023-05-05 21:07:11,190 [Worker-54: Building] INFO  o.e.m.c.i.embedder.EclipseLogger - skip non existing resourceDirectory G:\JAVA_FRAMWORK\SPRING\SpringCORE\src\main\resources
2023-05-05 21:07:11,196 [Worker-54: Building] INFO  o.e.m.c.i.embedder.EclipseLogger - Using 'UTF-8' encoding to copy filtered resources.
2023-05-05 21:07:11,197 [Worker-54: Building] INFO  o.e.m.c.i.embedder.EclipseLogger - skip non existing resourceDirectory G:\JAVA_FRAMWORK\SPRING\SpringCORE\src\test\resources
2023-05-05 21:08:51,917 [Worker-56: Building] INFO  o.e.m.c.i.embedder.EclipseLogger - Using 'UTF-8' encoding to copy filtered resources.
2023-05-05 21:08:51,917 [Worker-56: Building] INFO  o.e.m.c.i.embedder.EclipseLogger - skip non existing resourceDirectory G:\JAVA_FRAMWORK\SPRING\SpringCORE\src\main\resources
2023-05-05 21:08:51,920 [Worker-56: Building] INFO  o.e.m.c.i.embedder.EclipseLogger - Using 'UTF-8' encoding to copy filtered resources.
2023-05-05 21:08:51,920 [Worker-56: Building] INFO  o.e.m.c.i.embedder.EclipseLogger - skip non existing resourceDirectory G:\JAVA_FRAMWORK\SPRING\SpringCORE\src\test\resources
2023-05-05 21:09:00,112 [Worker-55: Building] INFO  o.e.m.c.i.embedder.EclipseLogger - Using 'UTF-8' encoding to copy filtered resources.
2023-05-05 21:09:00,112 [Worker-55: Building] INFO  o.e.m.c.i.embedder.EclipseLogger - skip non existing resourceDirectory G:\JAVA_FRAMWORK\SPRING\SpringCORE\src\main\resources
2023-05-05 21:09:00,115 [Worker-55: Building] INFO  o.e.m.c.i.embedder.EclipseLogger - Using 'UTF-8' encoding to copy filtered resources.
2023-05-05 21:09:00,115 [Worker-55: Building] INFO  o.e.m.c.i.embedder.EclipseLogger - skip non existing resourceDirectory G:\JAVA_FRAMWORK\SPRING\SpringCORE\src\test\resources
2023-05-05 21:27:43,395 [Worker-59: Building] INFO  o.e.m.c.i.embedder.EclipseLogger - Using 'UTF-8' encoding to copy filtered resources.
2023-05-05 21:27:43,413 [Worker-59: Building] INFO  o.e.m.c.i.embedder.EclipseLogger - skip non existing resourceDirectory G:\JAVA_FRAMWORK\SPRING\SpringCORE\src\main\resources
2023-05-05 21:27:43,416 [Worker-59: Building] INFO  o.e.m.c.i.embedder.EclipseLogger - Using 'UTF-8' encoding to copy filtered resources.
2023-05-05 21:27:43,417 [Worker-59: Building] INFO  o.e.m.c.i.embedder.EclipseLogger - skip non existing resourceDirectory G:\JAVA_FRAMWORK\SPRING\SpringCORE\src\test\resources
2023-05-05 21:28:45,201 [Worker-59: Building] INFO  o.e.m.c.i.embedder.EclipseLogger - Using 'UTF-8' encoding to copy filtered resources.
2023-05-05 21:28:45,201 [Worker-59: Building] INFO  o.e.m.c.i.embedder.EclipseLogger - skip non existing resourceDirectory G:\JAVA_FRAMWORK\SPRING\SpringCORE\src\main\resources
2023-05-05 21:28:45,206 [Worker-59: Building] INFO  o.e.m.c.i.embedder.EclipseLogger - Using 'UTF-8' encoding to copy filtered resources.
2023-05-05 21:28:45,206 [Worker-59: Building] INFO  o.e.m.c.i.embedder.EclipseLogger - skip non existing resourceDirectory G:\JAVA_FRAMWORK\SPRING\SpringCORE\src\test\resources
2023-05-06 10:15:06,690 [Worker-0: Loading available Gradle versions] INFO  o.e.b.c.i.u.g.PublishedGradleVersions - Gradle version information cache is out-of-date. Trying to update.
2023-05-06 10:15:56,070 [Worker-5: Building] INFO  o.e.m.c.i.embedder.EclipseLogger - Using 'UTF-8' encoding to copy filtered resources.
2023-05-06 10:15:56,072 [Worker-5: Building] INFO  o.e.m.c.i.embedder.EclipseLogger - skip non existing resourceDirectory G:\JAVA_FRAMWORK\SPRING\SpringCORE\src\main\resources
2023-05-06 10:15:56,078 [Worker-5: Building] INFO  o.e.m.c.i.embedder.EclipseLogger - Using 'UTF-8' encoding to copy filtered resources.
2023-05-06 10:15:56,080 [Worker-5: Building] INFO  o.e.m.c.i.embedder.EclipseLogger - skip non existing resourceDirectory G:\JAVA_FRAMWORK\SPRING\SpringCORE\src\test\resources
2023-05-06 10:16:52,379 [Worker-7: Building] INFO  o.e.m.c.i.embedder.EclipseLogger - Using 'UTF-8' encoding to copy filtered resources.
2023-05-06 10:16:52,379 [Worker-7: Building] INFO  o.e.m.c.i.embedder.EclipseLogger - skip non existing resourceDirectory G:\JAVA_FRAMWORK\SPRING\SpringCORE\src\main\resources
2023-05-06 10:16:52,384 [Worker-7: Building] INFO  o.e.m.c.i.embedder.EclipseLogger - Using 'UTF-8' encoding to copy filtered resources.
2023-05-06 10:16:52,385 [Worker-7: Building] INFO  o.e.m.c.i.embedder.EclipseLogger - skip non existing resourceDirectory G:\JAVA_FRAMWORK\SPRING\SpringCORE\src\test\resources
2023-05-06 10:17:19,657 [Worker-9: Building] INFO  o.e.m.c.i.embedder.EclipseLogger - Using 'UTF-8' encoding to copy filtered resources.
2023-05-06 10:17:19,657 [Worker-9: Building] INFO  o.e.m.c.i.embedder.EclipseLogger - skip non existing resourceDirectory G:\JAVA_FRAMWORK\SPRING\SpringCORE\src\main\resources
2023-05-06 10:17:19,664 [Worker-9: Building] INFO  o.e.m.c.i.embedder.EclipseLogger - Using 'UTF-8' encoding to copy filtered resources.
2023-05-06 10:17:19,664 [Worker-9: Building] INFO  o.e.m.c.i.embedder.EclipseLogger - skip non existing resourceDirectory G:\JAVA_FRAMWORK\SPRING\SpringCORE\src\test\resources
2023-05-06 10:17:59,277 [Worker-15: Building] INFO  o.e.m.c.i.embedder.EclipseLogger - Using 'UTF-8' encoding to copy filtered resources.
2023-05-06 10:17:59,278 [Worker-15: Building] INFO  o.e.m.c.i.embedder.EclipseLogger - skip non existing resourceDirectory G:\JAVA_FRAMWORK\SPRING\SpringCORE\src\main\resources
2023-05-06 10:17:59,286 [Worker-15: Building] INFO  o.e.m.c.i.embedder.EclipseLogger - Using 'UTF-8' encoding to copy filtered resources.
2023-05-06 10:17:59,287 [Worker-15: Building] INFO  o.e.m.c.i.embedder.EclipseLogger - skip non existing resourceDirectory G:\JAVA_FRAMWORK\SPRING\SpringCORE\src\test\resources
2023-05-06 10:18:19,588 [Worker-10: Building] INFO  o.e.m.c.i.embedder.EclipseLogger - Using 'UTF-8' encoding to copy filtered resources.
2023-05-06 10:18:19,589 [Worker-10: Building] INFO  o.e.m.c.i.embedder.EclipseLogger - skip non existing resourceDirectory G:\JAVA_FRAMWORK\SPRING\SpringCORE\src\main\resources
2023-05-06 10:18:19,594 [Worker-10: Building] INFO  o.e.m.c.i.embedder.EclipseLogger - Using 'UTF-8' encoding to copy filtered resources.
2023-05-06 10:18:19,595 [Worker-10: Building] INFO  o.e.m.c.i.embedder.EclipseLogger - skip non existing resourceDirectory G:\JAVA_FRAMWORK\SPRING\SpringCORE\src\test\resources
2023-05-06 10:19:44,765 [Worker-14: Building] INFO  o.e.m.c.i.embedder.EclipseLogger - Using 'UTF-8' encoding to copy filtered resources.
2023-05-06 10:19:44,766 [Worker-14: Building] INFO  o.e.m.c.i.embedder.EclipseLogger - skip non existing resourceDirectory G:\JAVA_FRAMWORK\SPRING\SpringCORE\src\main\resources
2023-05-06 10:19:44,774 [Worker-14: Building] INFO  o.e.m.c.i.embedder.EclipseLogger - Using 'UTF-8' encoding to copy filtered resources.
2023-05-06 10:19:44,775 [Worker-14: Building] INFO  o.e.m.c.i.embedder.EclipseLogger - skip non existing resourceDirectory G:\JAVA_FRAMWORK\SPRING\SpringCORE\src\test\resources
2023-05-06 10:19:59,673 [Worker-0: Building] INFO  o.e.m.c.i.embedder.EclipseLogger - Using 'UTF-8' encoding to copy filtered resources.
2023-05-06 10:19:59,673 [Worker-0: Building] INFO  o.e.m.c.i.embedder.EclipseLogger - skip non existing resourceDirectory G:\JAVA_FRAMWORK\SPRING\SpringCORE\src\main\resources
2023-05-06 10:19:59,678 [Worker-0: Building] INFO  o.e.m.c.i.embedder.EclipseLogger - Using 'UTF-8' encoding to copy filtered resources.
2023-05-06 10:19:59,678 [Worker-0: Building] INFO  o.e.m.c.i.embedder.EclipseLogger - skip non existing resourceDirectory G:\JAVA_FRAMWORK\SPRING\SpringCORE\src\test\resources
2023-05-06 10:20:07,287 [Worker-9: Building] INFO  o.e.m.c.i.embedder.EclipseLogger - Using 'UTF-8' encoding to copy filtered resources.
2023-05-06 10:20:07,287 [Worker-9: Building] INFO  o.e.m.c.i.embedder.EclipseLogger - skip non existing resourceDirectory G:\JAVA_FRAMWORK\SPRING\SpringCORE\src\main\resources
2023-05-06 10:20:07,292 [Worker-9: Building] INFO  o.e.m.c.i.embedder.EclipseLogger - Using 'UTF-8' encoding to copy filtered resources.
2023-05-06 10:20:07,293 [Worker-9: Building] INFO  o.e.m.c.i.embedder.EclipseLogger - skip non existing resourceDirectory G:\JAVA_FRAMWORK\SPRING\SpringCORE\src\test\resources
2023-05-06 10:20:21,597 [Worker-1: Building] INFO  o.e.m.c.i.embedder.EclipseLogger - Using 'UTF-8' encoding to copy filtered resources.
2023-05-06 10:20:21,598 [Worker-1: Building] INFO  o.e.m.c.i.embedder.EclipseLogger - skip non existing resourceDirectory G:\JAVA_FRAMWORK\SPRING\SpringCORE\src\main\resources
2023-05-06 10:20:21,607 [Worker-1: Building] INFO  o.e.m.c.i.embedder.EclipseLogger - Using 'UTF-8' encoding to copy filtered resources.
2023-05-06 10:20:21,607 [Worker-1: Building] INFO  o.e.m.c.i.embedder.EclipseLogger - skip non existing resourceDirectory G:\JAVA_FRAMWORK\SPRING\SpringCORE\src\test\resources
2023-05-06 10:21:21,569 [Worker-1: Building] INFO  o.e.m.c.i.embedder.EclipseLogger - Using 'UTF-8' encoding to copy filtered resources.
2023-05-06 10:21:21,569 [Worker-1: Building] INFO  o.e.m.c.i.embedder.EclipseLogger - skip non existing resourceDirectory G:\JAVA_FRAMWORK\SPRING\SpringCORE\src\main\resources
2023-05-06 10:21:21,574 [Worker-1: Building] INFO  o.e.m.c.i.embedder.EclipseLogger - Using 'UTF-8' encoding to copy filtered resources.
2023-05-06 10:21:21,574 [Worker-1: Building] INFO  o.e.m.c.i.embedder.EclipseLogger - skip non existing resourceDirectory G:\JAVA_FRAMWORK\SPRING\SpringCORE\src\test\resources
2023-05-06 10:21:30,761 [Worker-18: Building] INFO  o.e.m.c.i.embedder.EclipseLogger - Using 'UTF-8' encoding to copy filtered resources.
2023-05-06 10:21:30,762 [Worker-18: Building] INFO  o.e.m.c.i.embedder.EclipseLogger - skip non existing resourceDirectory G:\JAVA_FRAMWORK\SPRING\SpringCORE\src\main\resources
2023-05-06 10:21:30,773 [Worker-18: Building] INFO  o.e.m.c.i.embedder.EclipseLogger - Using 'UTF-8' encoding to copy filtered resources.
2023-05-06 10:21:30,773 [Worker-18: Building] INFO  o.e.m.c.i.embedder.EclipseLogger - skip non existing resourceDirectory G:\JAVA_FRAMWORK\SPRING\SpringCORE\src\test\resources
2023-05-06 10:27:44,145 [Worker-19: Building] INFO  o.e.m.c.i.embedder.EclipseLogger - Using 'UTF-8' encoding to copy filtered resources.
2023-05-06 10:27:44,152 [Worker-19: Building] INFO  o.e.m.c.i.embedder.EclipseLogger - skip non existing resourceDirectory G:\JAVA_FRAMWORK\SPRING\SpringCORE\src\main\resources
2023-05-06 10:27:44,159 [Worker-19: Building] INFO  o.e.m.c.i.embedder.EclipseLogger - Using 'UTF-8' encoding to copy filtered resources.
2023-05-06 10:27:44,159 [Worker-19: Building] INFO  o.e.m.c.i.embedder.EclipseLogger - skip non existing resourceDirectory G:\JAVA_FRAMWORK\SPRING\SpringCORE\src\test\resources
2023-05-06 10:28:37,233 [Worker-25: Building] INFO  o.e.m.c.i.embedder.EclipseLogger - Using 'UTF-8' encoding to copy filtered resources.
2023-05-06 10:28:37,233 [Worker-25: Building] INFO  o.e.m.c.i.embedder.EclipseLogger - skip non existing resourceDirectory G:\JAVA_FRAMWORK\SPRING\SpringCORE\src\main\resources
2023-05-06 10:28:37,236 [Worker-25: Building] INFO  o.e.m.c.i.embedder.EclipseLogger - Using 'UTF-8' encoding to copy filtered resources.
2023-05-06 10:28:37,236 [Worker-25: Building] INFO  o.e.m.c.i.embedder.EclipseLogger - skip non existing resourceDirectory G:\JAVA_FRAMWORK\SPRING\SpringCORE\src\test\resources
2023-05-06 10:29:09,765 [Worker-24: Building] INFO  o.e.m.c.i.embedder.EclipseLogger - Using 'UTF-8' encoding to copy filtered resources.
2023-05-06 10:29:09,765 [Worker-24: Building] INFO  o.e.m.c.i.embedder.EclipseLogger - skip non existing resourceDirectory G:\JAVA_FRAMWORK\SPRING\SpringCORE\src\main\resources
2023-05-06 10:29:09,770 [Worker-24: Building] INFO  o.e.m.c.i.embedder.EclipseLogger - Using 'UTF-8' encoding to copy filtered resources.
2023-05-06 10:29:09,771 [Worker-24: Building] INFO  o.e.m.c.i.embedder.EclipseLogger - skip non existing resourceDirectory G:\JAVA_FRAMWORK\SPRING\SpringCORE\src\test\resources
2023-05-06 10:31:42,456 [Worker-6: Loading available Gradle versions] INFO  o.e.b.c.i.u.g.PublishedGradleVersions - Gradle version information cache is up-to-date. Trying to read.
2023-05-06 10:34:10,428 [Worker-11: Updating Maven Project] INFO  o.e.m.c.i.p.ProjectConfigurationManager - Update started
2023-05-06 10:34:12,679 [Worker-11: Updating Maven Project] INFO  o.e.m.c.i.l.LifecycleMappingFactory - Using org.eclipse.m2e.jdt.JarLifecycleMapping lifecycle mapping for MavenProject: com.Primitive_Datatypes:SpringCORE:0.0.1-SNAPSHOT @ G:\JAVA_FRAMWORK\SPRING\SpringCORE\pom.xml.
2023-05-06 10:34:13,350 [Worker-11: Updating Maven Project] INFO  o.e.m.j.i.AbstractJavaProjectConfigurator - Adding source folder /SpringCORE/src/main/java
2023-05-06 10:34:13,351 [Worker-11: Updating Maven Project] INFO  o.e.m.j.i.AbstractJavaProjectConfigurator - Adding source folder /SpringCORE/src/test/java
2023-05-06 10:34:14,461 [Worker-0: Building] INFO  o.e.m.c.i.embedder.EclipseLogger - Using 'UTF-8' encoding to copy filtered resources.
2023-05-06 10:34:14,462 [Worker-0: Building] INFO  o.e.m.c.i.embedder.EclipseLogger - skip non existing resourceDirectory G:\JAVA_FRAMWORK\SPRING\SpringCORE\src\main\resources
2023-05-06 10:34:14,467 [Worker-0: Building] INFO  o.e.m.c.i.embedder.EclipseLogger - Using 'UTF-8' encoding to copy filtered resources.
2023-05-06 10:34:14,471 [Worker-0: Building] INFO  o.e.m.c.i.embedder.EclipseLogger - skip non existing resourceDirectory G:\JAVA_FRAMWORK\SPRING\SpringCORE\src\test\resources
2023-05-06 10:34:52,653 [Worker-16: Building] INFO  o.e.m.c.i.embedder.EclipseLogger - Using 'UTF-8' encoding to copy filtered resources.
2023-05-06 10:34:52,654 [Worker-16: Building] INFO  o.e.m.c.i.embedder.EclipseLogger - skip non existing resourceDirectory G:\JAVA_FRAMWORK\SPRING\SpringCORE\src\main\resources
2023-05-06 10:34:52,658 [Worker-16: Building] INFO  o.e.m.c.i.embedder.EclipseLogger - Using 'UTF-8' encoding to copy filtered resources.
2023-05-06 10:34:52,659 [Worker-16: Building] INFO  o.e.m.c.i.embedder.EclipseLogger - skip non existing resourceDirectory G:\JAVA_FRAMWORK\SPRING\SpringCORE\src\test\resources
2023-05-06 10:35:01,439 [Worker-6: Building] INFO  o.e.m.c.i.embedder.EclipseLogger - Using 'UTF-8' encoding to copy filtered resources.
2023-05-06 10:35:01,439 [Worker-6: Building] INFO  o.e.m.c.i.embedder.EclipseLogger - skip non existing resourceDirectory G:\JAVA_FRAMWORK\SPRING\SpringCORE\src\main\resources
2023-05-06 10:35:01,444 [Worker-6: Building] INFO  o.e.m.c.i.embedder.EclipseLogger - Using 'UTF-8' encoding to copy filtered resources.
2023-05-06 10:35:01,444 [Worker-6: Building] INFO  o.e.m.c.i.embedder.EclipseLogger - skip non existing resourceDirectory G:\JAVA_FRAMWORK\SPRING\SpringCORE\src\test\resources
2023-05-06 10:35:20,819 [Worker-12: Building] INFO  o.e.m.c.i.embedder.EclipseLogger - Using 'UTF-8' encoding to copy filtered resources.
2023-05-06 10:35:20,819 [Worker-12: Building] INFO  o.e.m.c.i.embedder.EclipseLogger - skip non existing resourceDirectory G:\JAVA_FRAMWORK\SPRING\SpringCORE\src\main\resources
2023-05-06 10:35:20,824 [Worker-12: Building] INFO  o.e.m.c.i.embedder.EclipseLogger - Using 'UTF-8' encoding to copy filtered resources.
2023-05-06 10:35:20,825 [Worker-12: Building] INFO  o.e.m.c.i.embedder.EclipseLogger - skip non existing resourceDirectory G:\JAVA_FRAMWORK\SPRING\SpringCORE\src\test\resources
2023-05-06 10:35:47,998 [Worker-3: Building] INFO  o.e.m.c.i.embedder.EclipseLogger - Using 'UTF-8' encoding to copy filtered resources.
2023-05-06 10:35:47,998 [Worker-3: Building] INFO  o.e.m.c.i.embedder.EclipseLogger - skip non existing resourceDirectory G:\JAVA_FRAMWORK\SPRING\SpringCORE\src\main\resources
2023-05-06 10:35:48,008 [Worker-3: Building] INFO  o.e.m.c.i.embedder.EclipseLogger - Using 'UTF-8' encoding to copy filtered resources.
2023-05-06 10:35:48,008 [Worker-3: Building] INFO  o.e.m.c.i.embedder.EclipseLogger - skip non existing resourceDirectory G:\JAVA_FRAMWORK\SPRING\SpringCORE\src\test\resources
2023-05-06 10:36:37,163 [Worker-10: Building] INFO  o.e.m.c.i.embedder.EclipseLogger - Using 'UTF-8' encoding to copy filtered resources.
2023-05-06 10:36:37,163 [Worker-10: Building] INFO  o.e.m.c.i.embedder.EclipseLogger - skip non existing resourceDirectory G:\JAVA_FRAMWORK\SPRING\SpringCORE\src\main\resources
2023-05-06 10:36:37,168 [Worker-10: Building] INFO  o.e.m.c.i.embedder.EclipseLogger - Using 'UTF-8' encoding to copy filtered resources.
2023-05-06 10:36:37,168 [Worker-10: Building] INFO  o.e.m.c.i.embedder.EclipseLogger - skip non existing resourceDirectory G:\JAVA_FRAMWORK\SPRING\SpringCORE\src\test\resources
2023-05-06 10:37:47,784 [Worker-2: Building] INFO  o.e.m.c.i.embedder.EclipseLogger - Using 'UTF-8' encoding to copy filtered resources.
2023-05-06 10:37:47,785 [Worker-2: Building] INFO  o.e.m.c.i.embedder.EclipseLogger - skip non existing resourceDirectory G:\JAVA_FRAMWORK\SPRING\SpringCORE\src\main\resources
2023-05-06 10:37:47,796 [Worker-2: Building] INFO  o.e.m.c.i.embedder.EclipseLogger - Using 'UTF-8' encoding to copy filtered resources.
2023-05-06 10:37:47,796 [Worker-2: Building] INFO  o.e.m.c.i.embedder.EclipseLogger - skip non existing resourceDirectory G:\JAVA_FRAMWORK\SPRING\SpringCORE\src\test\resources
2023-05-06 10:38:19,967 [Worker-14: Building] INFO  o.e.m.c.i.embedder.EclipseLogger - Using 'UTF-8' encoding to copy filtered resources.
2023-05-06 10:38:19,968 [Worker-14: Building] INFO  o.e.m.c.i.embedder.EclipseLogger - skip non existing resourceDirectory G:\JAVA_FRAMWORK\SPRING\SpringCORE\src\main\resources
2023-05-06 10:38:19,973 [Worker-14: Building] INFO  o.e.m.c.i.embedder.EclipseLogger - Using 'UTF-8' encoding to copy filtered resources.
2023-05-06 10:38:19,973 [Worker-14: Building] INFO  o.e.m.c.i.embedder.EclipseLogger - skip non existing resourceDirectory G:\JAVA_FRAMWORK\SPRING\SpringCORE\src\test\resources
2023-05-06 10:38:55,032 [Worker-14: Building] INFO  o.e.m.c.i.embedder.EclipseLogger - Using 'UTF-8' encoding to copy filtered resources.
2023-05-06 10:38:55,033 [Worker-14: Building] INFO  o.e.m.c.i.embedder.EclipseLogger - skip non existing resourceDirectory G:\JAVA_FRAMWORK\SPRING\SpringCORE\src\main\resources
2023-05-06 10:38:55,039 [Worker-14: Building] INFO  o.e.m.c.i.embedder.EclipseLogger - Using 'UTF-8' encoding to copy filtered resources.
2023-05-06 10:38:55,040 [Worker-14: Building] INFO  o.e.m.c.i.embedder.EclipseLogger - skip non existing resourceDirectory G:\JAVA_FRAMWORK\SPRING\SpringCORE\src\test\resources
2023-05-06 10:40:58,611 [Worker-6: Building] INFO  o.e.m.c.i.embedder.EclipseLogger - Using 'UTF-8' encoding to copy filtered resources.
2023-05-06 10:40:58,612 [Worker-6: Building] INFO  o.e.m.c.i.embedder.EclipseLogger - skip non existing resourceDirectory G:\JAVA_FRAMWORK\SPRING\SpringCORE\src\main\resources
2023-05-06 10:40:58,616 [Worker-6: Building] INFO  o.e.m.c.i.embedder.EclipseLogger - Using 'UTF-8' encoding to copy filtered resources.
2023-05-06 10:40:58,617 [Worker-6: Building] INFO  o.e.m.c.i.embedder.EclipseLogger - skip non existing resourceDirectory G:\JAVA_FRAMWORK\SPRING\SpringCORE\src\test\resources
2023-05-06 10:41:08,081 [Worker-14: Building] INFO  o.e.m.c.i.embedder.EclipseLogger - Using 'UTF-8' encoding to copy filtered resources.
2023-05-06 10:41:08,081 [Worker-14: Building] INFO  o.e.m.c.i.embedder.EclipseLogger - skip non existing resourceDirectory G:\JAVA_FRAMWORK\SPRING\SpringCORE\src\main\resources
2023-05-06 10:41:08,086 [Worker-14: Building] INFO  o.e.m.c.i.embedder.EclipseLogger - Using 'UTF-8' encoding to copy filtered resources.
2023-05-06 10:41:08,087 [Worker-14: Building] INFO  o.e.m.c.i.embedder.EclipseLogger - skip non existing resourceDirectory G:\JAVA_FRAMWORK\SPRING\SpringCORE\src\test\resources
2023-05-06 10:41:57,232 [Worker-16: Building] INFO  o.e.m.c.i.embedder.EclipseLogger - Using 'UTF-8' encoding to copy filtered resources.
2023-05-06 10:41:57,233 [Worker-16: Building] INFO  o.e.m.c.i.embedder.EclipseLogger - skip non existing resourceDirectory G:\JAVA_FRAMWORK\SPRING\SpringCORE\src\main\resources
2023-05-06 10:41:57,240 [Worker-16: Building] INFO  o.e.m.c.i.embedder.EclipseLogger - Using 'UTF-8' encoding to copy filtered resources.
2023-05-06 10:41:57,240 [Worker-16: Building] INFO  o.e.m.c.i.embedder.EclipseLogger - skip non existing resourceDirectory G:\JAVA_FRAMWORK\SPRING\SpringCORE\src\test\resources
2023-05-06 10:42:03,867 [Worker-6: Building] INFO  o.e.m.c.i.embedder.EclipseLogger - Using 'UTF-8' encoding to copy filtered resources.
2023-05-06 10:42:03,868 [Worker-6: Building] INFO  o.e.m.c.i.embedder.EclipseLogger - skip non existing resourceDirectory G:\JAVA_FRAMWORK\SPRING\SpringCORE\src\main\resources
2023-05-06 10:42:03,872 [Worker-6: Building] INFO  o.e.m.c.i.embedder.EclipseLogger - Using 'UTF-8' encoding to copy filtered resources.
2023-05-06 10:42:03,873 [Worker-6: Building] INFO  o.e.m.c.i.embedder.EclipseLogger - skip non existing resourceDirectory G:\JAVA_FRAMWORK\SPRING\SpringCORE\src\test\resources
2023-05-06 10:43:33,763 [Worker-18: Building] INFO  o.e.m.c.i.embedder.EclipseLogger - Using 'UTF-8' encoding to copy filtered resources.
2023-05-06 10:43:33,778 [Worker-18: Building] INFO  o.e.m.c.i.embedder.EclipseLogger - skip non existing resourceDirectory G:\JAVA_FRAMWORK\SPRING\SpringCORE\src\main\resources
2023-05-06 10:43:33,827 [Worker-18: Building] INFO  o.e.m.c.i.embedder.EclipseLogger - Using 'UTF-8' encoding to copy filtered resources.
2023-05-06 10:43:33,828 [Worker-18: Building] INFO  o.e.m.c.i.embedder.EclipseLogger - skip non existing resourceDirectory G:\JAVA_FRAMWORK\SPRING\SpringCORE\src\test\resources
2023-05-06 10:43:46,604 [Worker-17: Building] INFO  o.e.m.c.i.embedder.EclipseLogger - Using 'UTF-8' encoding to copy filtered resources.
2023-05-06 10:43:46,604 [Worker-17: Building] INFO  o.e.m.c.i.embedder.EclipseLogger - skip non existing resourceDirectory G:\JAVA_FRAMWORK\SPRING\SpringCORE\src\main\resources
2023-05-06 10:43:46,641 [Worker-17: Building] INFO  o.e.m.c.i.embedder.EclipseLogger - Using 'UTF-8' encoding to copy filtered resources.
2023-05-06 10:43:46,641 [Worker-17: Building] INFO  o.e.m.c.i.embedder.EclipseLogger - skip non existing resourceDirectory G:\JAVA_FRAMWORK\SPRING\SpringCORE\src\test\resources
2023-05-06 10:44:05,426 [Worker-4: Building] INFO  o.e.m.c.i.embedder.EclipseLogger - Using 'UTF-8' encoding to copy filtered resources.
2023-05-06 10:44:05,427 [Worker-4: Building] INFO  o.e.m.c.i.embedder.EclipseLogger - skip non existing resourceDirectory G:\JAVA_FRAMWORK\SPRING\SpringCORE\src\main\resources
2023-05-06 10:44:05,431 [Worker-4: Building] INFO  o.e.m.c.i.embedder.EclipseLogger - Using 'UTF-8' encoding to copy filtered resources.
2023-05-06 10:44:05,432 [Worker-4: Building] INFO  o.e.m.c.i.embedder.EclipseLogger - skip non existing resourceDirectory G:\JAVA_FRAMWORK\SPRING\SpringCORE\src\test\resources
2023-05-06 10:44:24,021 [Worker-7: Building] INFO  o.e.m.c.i.embedder.EclipseLogger - Using 'UTF-8' encoding to copy filtered resources.
2023-05-06 10:44:24,021 [Worker-7: Building] INFO  o.e.m.c.i.embedder.EclipseLogger - skip non existing resourceDirectory G:\JAVA_FRAMWORK\SPRING\SpringCORE\src\main\resources
2023-05-06 10:44:24,024 [Worker-7: Building] INFO  o.e.m.c.i.embedder.EclipseLogger - Using 'UTF-8' encoding to copy filtered resources.
2023-05-06 10:44:24,025 [Worker-7: Building] INFO  o.e.m.c.i.embedder.EclipseLogger - skip non existing resourceDirectory G:\JAVA_FRAMWORK\SPRING\SpringCORE\src\test\resources
2023-05-06 10:44:49,780 [Worker-7: Building] INFO  o.e.m.c.i.embedder.EclipseLogger - Using 'UTF-8' encoding to copy filtered resources.
2023-05-06 10:44:49,780 [Worker-7: Building] INFO  o.e.m.c.i.embedder.EclipseLogger - skip non existing resourceDirectory G:\JAVA_FRAMWORK\SPRING\SpringCORE\src\main\resources
2023-05-06 10:44:49,784 [Worker-7: Building] INFO  o.e.m.c.i.embedder.EclipseLogger - Using 'UTF-8' encoding to copy filtered resources.
2023-05-06 10:44:49,784 [Worker-7: Building] INFO  o.e.m.c.i.embedder.EclipseLogger - skip non existing resourceDirectory G:\JAVA_FRAMWORK\SPRING\SpringCORE\src\test\resources
2023-05-06 10:54:13,227 [Worker-19: Building] INFO  o.e.m.c.i.embedder.EclipseLogger - Using 'UTF-8' encoding to copy filtered resources.
2023-05-06 10:54:13,229 [Worker-19: Building] INFO  o.e.m.c.i.embedder.EclipseLogger - skip non existing resourceDirectory G:\JAVA_FRAMWORK\SPRING\SpringCORE\src\main\resources
2023-05-06 10:54:13,233 [Worker-19: Building] INFO  o.e.m.c.i.embedder.EclipseLogger - Using 'UTF-8' encoding to copy filtered resources.
2023-05-06 10:54:13,234 [Worker-19: Building] INFO  o.e.m.c.i.embedder.EclipseLogger - skip non existing resourceDirectory G:\JAVA_FRAMWORK\SPRING\SpringCORE\src\test\resources
2023-05-06 10:54:17,993 [Worker-6: Building] INFO  o.e.m.c.i.embedder.EclipseLogger - Using 'UTF-8' encoding to copy filtered resources.
2023-05-06 10:54:17,994 [Worker-6: Building] INFO  o.e.m.c.i.embedder.EclipseLogger - skip non existing resourceDirectory G:\JAVA_FRAMWORK\SPRING\SpringCORE\src\main\resources
2023-05-06 10:54:17,999 [Worker-6: Building] INFO  o.e.m.c.i.embedder.EclipseLogger - Using 'UTF-8' encoding to copy filtered resources.
2023-05-06 10:54:17,999 [Worker-6: Building] INFO  o.e.m.c.i.embedder.EclipseLogger - skip non existing resourceDirectory G:\JAVA_FRAMWORK\SPRING\SpringCORE\src\test\resources
2023-05-06 16:34:14,234 [Worker-1: Loading available Gradle versions] INFO  o.e.b.c.i.u.g.PublishedGradleVersions - Gradle version information cache is up-to-date. Trying to read.
2023-05-06 16:34:54,315 [Worker-8: Building] INFO  o.e.m.c.i.embedder.EclipseLogger - Using 'UTF-8' encoding to copy filtered resources.
2023-05-06 16:34:54,320 [Worker-8: Building] INFO  o.e.m.c.i.embedder.EclipseLogger - skip non existing resourceDirectory G:\JAVA_FRAMWORK\SPRING\SpringCORE\src\main\resources
2023-05-06 16:34:54,330 [Worker-8: Building] INFO  o.e.m.c.i.embedder.EclipseLogger - Using 'UTF-8' encoding to copy filtered resources.
2023-05-06 16:34:54,330 [Worker-8: Building] INFO  o.e.m.c.i.embedder.EclipseLogger - skip non existing resourceDirectory G:\JAVA_FRAMWORK\SPRING\SpringCORE\src\test\resources
2023-05-06 16:35:02,874 [Worker-7: Building] INFO  o.e.m.c.i.embedder.EclipseLogger - Using 'UTF-8' encoding to copy filtered resources.
2023-05-06 16:35:02,875 [Worker-7: Building] INFO  o.e.m.c.i.embedder.EclipseLogger - skip non existing resourceDirectory G:\JAVA_FRAMWORK\SPRING\SpringCORE\src\main\resources
2023-05-06 16:35:02,880 [Worker-7: Building] INFO  o.e.m.c.i.embedder.EclipseLogger - Using 'UTF-8' encoding to copy filtered resources.
2023-05-06 16:35:02,880 [Worker-7: Building] INFO  o.e.m.c.i.embedder.EclipseLogger - skip non existing resourceDirectory G:\JAVA_FRAMWORK\SPRING\SpringCORE\src\test\resources
2023-05-06 16:35:15,576 [Worker-0: Building] INFO  o.e.m.c.i.embedder.EclipseLogger - Using 'UTF-8' encoding to copy filtered resources.
2023-05-06 16:35:15,577 [Worker-0: Building] INFO  o.e.m.c.i.embedder.EclipseLogger - skip non existing resourceDirectory G:\JAVA_FRAMWORK\SPRING\SpringCORE\src\main\resources
2023-05-06 16:35:15,586 [Worker-0: Building] INFO  o.e.m.c.i.embedder.EclipseLogger - Using 'UTF-8' encoding to copy filtered resources.
2023-05-06 16:35:15,587 [Worker-0: Building] INFO  o.e.m.c.i.embedder.EclipseLogger - skip non existing resourceDirectory G:\JAVA_FRAMWORK\SPRING\SpringCORE\src\test\resources
2023-05-06 16:35:41,083 [Worker-4: Building] INFO  o.e.m.c.i.embedder.EclipseLogger - Using 'UTF-8' encoding to copy filtered resources.
2023-05-06 16:35:41,083 [Worker-4: Building] INFO  o.e.m.c.i.embedder.EclipseLogger - skip non existing resourceDirectory G:\JAVA_FRAMWORK\SPRING\SpringCORE\src\main\resources
2023-05-06 16:35:41,089 [Worker-4: Building] INFO  o.e.m.c.i.embedder.EclipseLogger - Using 'UTF-8' encoding to copy filtered resources.
2023-05-06 16:35:41,090 [Worker-4: Building] INFO  o.e.m.c.i.embedder.EclipseLogger - skip non existing resourceDirectory G:\JAVA_FRAMWORK\SPRING\SpringCORE\src\test\resources
2023-05-06 16:36:14,586 [Worker-5: Building] INFO  o.e.m.c.i.embedder.EclipseLogger - Using 'UTF-8' encoding to copy filtered resources.
2023-05-06 16:36:14,587 [Worker-5: Building] INFO  o.e.m.c.i.embedder.EclipseLogger - skip non existing resourceDirectory G:\JAVA_FRAMWORK\SPRING\SpringCORE\src\main\resources
2023-05-06 16:36:14,593 [Worker-5: Building] INFO  o.e.m.c.i.embedder.EclipseLogger - Using 'UTF-8' encoding to copy filtered resources.
2023-05-06 16:36:14,594 [Worker-5: Building] INFO  o.e.m.c.i.embedder.EclipseLogger - skip non existing resourceDirectory G:\JAVA_FRAMWORK\SPRING\SpringCORE\src\test\resources
2023-05-06 16:37:42,545 [Worker-4: Building] INFO  o.e.m.c.i.embedder.EclipseLogger - Using 'UTF-8' encoding to copy filtered resources.
2023-05-06 16:37:42,546 [Worker-4: Building] INFO  o.e.m.c.i.embedder.EclipseLogger - skip non existing resourceDirectory G:\JAVA_FRAMWORK\SPRING\SpringCORE\src\main\resources
2023-05-06 16:37:42,550 [Worker-4: Building] INFO  o.e.m.c.i.embedder.EclipseLogger - Using 'UTF-8' encoding to copy filtered resources.
2023-05-06 16:37:42,550 [Worker-4: Building] INFO  o.e.m.c.i.embedder.EclipseLogger - skip non existing resourceDirectory G:\JAVA_FRAMWORK\SPRING\SpringCORE\src\test\resources
2023-05-06 16:38:01,659 [Worker-0: Building] INFO  o.e.m.c.i.embedder.EclipseLogger - Using 'UTF-8' encoding to copy filtered resources.
2023-05-06 16:38:01,659 [Worker-0: Building] INFO  o.e.m.c.i.embedder.EclipseLogger - skip non existing resourceDirectory G:\JAVA_FRAMWORK\SPRING\SpringCORE\src\main\resources
2023-05-06 16:38:01,664 [Worker-0: Building] INFO  o.e.m.c.i.embedder.EclipseLogger - Using 'UTF-8' encoding to copy filtered resources.
2023-05-06 16:38:01,664 [Worker-0: Building] INFO  o.e.m.c.i.embedder.EclipseLogger - skip non existing resourceDirectory G:\JAVA_FRAMWORK\SPRING\SpringCORE\src\test\resources
2023-05-06 16:38:53,109 [Worker-11: Building] INFO  o.e.m.c.i.embedder.EclipseLogger - Using 'UTF-8' encoding to copy filtered resources.
2023-05-06 16:38:53,110 [Worker-11: Building] INFO  o.e.m.c.i.embedder.EclipseLogger - skip non existing resourceDirectory G:\JAVA_FRAMWORK\SPRING\SpringCORE\src\main\resources
2023-05-06 16:38:53,114 [Worker-11: Building] INFO  o.e.m.c.i.embedder.EclipseLogger - Using 'UTF-8' encoding to copy filtered resources.
2023-05-06 16:38:53,114 [Worker-11: Building] INFO  o.e.m.c.i.embedder.EclipseLogger - skip non existing resourceDirectory G:\JAVA_FRAMWORK\SPRING\SpringCORE\src\test\resources
2023-05-06 16:40:11,527 [Worker-7: Building] INFO  o.e.m.c.i.embedder.EclipseLogger - Using 'UTF-8' encoding to copy filtered resources.
2023-05-06 16:40:11,528 [Worker-7: Building] INFO  o.e.m.c.i.embedder.EclipseLogger - skip non existing resourceDirectory G:\JAVA_FRAMWORK\SPRING\SpringCORE\src\main\resources
2023-05-06 16:40:11,532 [Worker-7: Building] INFO  o.e.m.c.i.embedder.EclipseLogger - Using 'UTF-8' encoding to copy filtered resources.
2023-05-06 16:40:11,533 [Worker-7: Building] INFO  o.e.m.c.i.embedder.EclipseLogger - skip non existing resourceDirectory G:\JAVA_FRAMWORK\SPRING\SpringCORE\src\test\resources
2023-05-06 16:40:12,874 [Worker-11: Building] INFO  o.e.m.c.i.embedder.EclipseLogger - Using 'UTF-8' encoding to copy filtered resources.
2023-05-06 16:40:12,875 [Worker-11: Building] INFO  o.e.m.c.i.embedder.EclipseLogger - skip non existing resourceDirectory G:\JAVA_FRAMWORK\SPRING\SpringCORE\src\main\resources
2023-05-06 16:40:12,879 [Worker-11: Building] INFO  o.e.m.c.i.embedder.EclipseLogger - Using 'UTF-8' encoding to copy filtered resources.
2023-05-06 16:40:12,880 [Worker-11: Building] INFO  o.e.m.c.i.embedder.EclipseLogger - skip non existing resourceDirectory G:\JAVA_FRAMWORK\SPRING\SpringCORE\src\test\resources
2023-05-06 16:43:57,448 [Worker-6: Building] INFO  o.e.m.c.i.embedder.EclipseLogger - Using 'UTF-8' encoding to copy filtered resources.
2023-05-06 16:43:57,449 [Worker-6: Building] INFO  o.e.m.c.i.embedder.EclipseLogger - skip non existing resourceDirectory G:\JAVA_FRAMWORK\SPRING\SpringCORE\src\main\resources
2023-05-06 16:43:57,453 [Worker-6: Building] INFO  o.e.m.c.i.embedder.EclipseLogger - Using 'UTF-8' encoding to copy filtered resources.
2023-05-06 16:43:57,454 [Worker-6: Building] INFO  o.e.m.c.i.embedder.EclipseLogger - skip non existing resourceDirectory G:\JAVA_FRAMWORK\SPRING\SpringCORE\src\test\resources
2023-05-06 16:44:01,875 [Worker-6: Building] INFO  o.e.m.c.i.embedder.EclipseLogger - Using 'UTF-8' encoding to copy filtered resources.
2023-05-06 16:44:01,875 [Worker-6: Building] INFO  o.e.m.c.i.embedder.EclipseLogger - skip non existing resourceDirectory G:\JAVA_FRAMWORK\SPRING\SpringCORE\src\main\resources
2023-05-06 16:44:01,882 [Worker-6: Building] INFO  o.e.m.c.i.embedder.EclipseLogger - Using 'UTF-8' encoding to copy filtered resources.
2023-05-06 16:44:01,882 [Worker-6: Building] INFO  o.e.m.c.i.embedder.EclipseLogger - skip non existing resourceDirectory G:\JAVA_FRAMWORK\SPRING\SpringCORE\src\test\resources
2023-05-06 16:44:20,722 [Worker-6: Building] INFO  o.e.m.c.i.embedder.EclipseLogger - Using 'UTF-8' encoding to copy filtered resources.
2023-05-06 16:44:20,723 [Worker-6: Building] INFO  o.e.m.c.i.embedder.EclipseLogger - skip non existing resourceDirectory G:\JAVA_FRAMWORK\SPRING\SpringCORE\src\main\resources
2023-05-06 16:44:20,729 [Worker-6: Building] INFO  o.e.m.c.i.embedder.EclipseLogger - Using 'UTF-8' encoding to copy filtered resources.
2023-05-06 16:44:20,730 [Worker-6: Building] INFO  o.e.m.c.i.embedder.EclipseLogger - skip non existing resourceDirectory G:\JAVA_FRAMWORK\SPRING\SpringCORE\src\test\resources
2023-05-06 16:44:24,472 [Worker-12: Building] INFO  o.e.m.c.i.embedder.EclipseLogger - Using 'UTF-8' encoding to copy filtered resources.
2023-05-06 16:44:24,473 [Worker-12: Building] INFO  o.e.m.c.i.embedder.EclipseLogger - skip non existing resourceDirectory G:\JAVA_FRAMWORK\SPRING\SpringCORE\src\main\resources
2023-05-06 16:44:24,477 [Worker-12: Building] INFO  o.e.m.c.i.embedder.EclipseLogger - Using 'UTF-8' encoding to copy filtered resources.
2023-05-06 16:44:24,478 [Worker-12: Building] INFO  o.e.m.c.i.embedder.EclipseLogger - skip non existing resourceDirectory G:\JAVA_FRAMWORK\SPRING\SpringCORE\src\test\resources
2023-05-06 16:45:41,834 [Worker-6: Building] INFO  o.e.m.c.i.embedder.EclipseLogger - Using 'UTF-8' encoding to copy filtered resources.
2023-05-06 16:45:41,835 [Worker-6: Building] INFO  o.e.m.c.i.embedder.EclipseLogger - skip non existing resourceDirectory G:\JAVA_FRAMWORK\SPRING\SpringCORE\src\main\resources
2023-05-06 16:45:41,842 [Worker-6: Building] INFO  o.e.m.c.i.embedder.EclipseLogger - Using 'UTF-8' encoding to copy filtered resources.
2023-05-06 16:45:41,842 [Worker-6: Building] INFO  o.e.m.c.i.embedder.EclipseLogger - skip non existing resourceDirectory G:\JAVA_FRAMWORK\SPRING\SpringCORE\src\test\resources
2023-05-06 16:50:09,872 [Worker-4: Building] INFO  o.e.m.c.i.embedder.EclipseLogger - Using 'UTF-8' encoding to copy filtered resources.
2023-05-06 16:50:09,872 [Worker-4: Building] INFO  o.e.m.c.i.embedder.EclipseLogger - skip non existing resourceDirectory G:\JAVA_FRAMWORK\SPRING\SpringCORE\src\main\resources
2023-05-06 16:50:09,876 [Worker-4: Building] INFO  o.e.m.c.i.embedder.EclipseLogger - Using 'UTF-8' encoding to copy filtered resources.
2023-05-06 16:50:09,876 [Worker-4: Building] INFO  o.e.m.c.i.embedder.EclipseLogger - skip non existing resourceDirectory G:\JAVA_FRAMWORK\SPRING\SpringCORE\src\test\resources
2023-05-06 16:50:18,746 [Worker-13: Building] INFO  o.e.m.c.i.embedder.EclipseLogger - Using 'UTF-8' encoding to copy filtered resources.
2023-05-06 16:50:18,746 [Worker-13: Building] INFO  o.e.m.c.i.embedder.EclipseLogger - skip non existing resourceDirectory G:\JAVA_FRAMWORK\SPRING\SpringCORE\src\main\resources
2023-05-06 16:50:18,757 [Worker-13: Building] INFO  o.e.m.c.i.embedder.EclipseLogger - Using 'UTF-8' encoding to copy filtered resources.
2023-05-06 16:50:18,758 [Worker-13: Building] INFO  o.e.m.c.i.embedder.EclipseLogger - skip non existing resourceDirectory G:\JAVA_FRAMWORK\SPRING\SpringCORE\src\test\resources
2023-05-06 16:50:35,033 [Worker-13: Building] INFO  o.e.m.c.i.embedder.EclipseLogger - Using 'UTF-8' encoding to copy filtered resources.
2023-05-06 16:50:35,033 [Worker-13: Building] INFO  o.e.m.c.i.embedder.EclipseLogger - skip non existing resourceDirectory G:\JAVA_FRAMWORK\SPRING\SpringCORE\src\main\resources
2023-05-06 16:50:35,040 [Worker-13: Building] INFO  o.e.m.c.i.embedder.EclipseLogger - Using 'UTF-8' encoding to copy filtered resources.
2023-05-06 16:50:35,040 [Worker-13: Building] INFO  o.e.m.c.i.embedder.EclipseLogger - skip non existing resourceDirectory G:\JAVA_FRAMWORK\SPRING\SpringCORE\src\test\resources
2023-05-06 16:50:45,981 [Worker-13: Building] INFO  o.e.m.c.i.embedder.EclipseLogger - Using 'UTF-8' encoding to copy filtered resources.
2023-05-06 16:50:45,982 [Worker-13: Building] INFO  o.e.m.c.i.embedder.EclipseLogger - skip non existing resourceDirectory G:\JAVA_FRAMWORK\SPRING\SpringCORE\src\main\resources
2023-05-06 16:50:45,988 [Worker-13: Building] INFO  o.e.m.c.i.embedder.EclipseLogger - Using 'UTF-8' encoding to copy filtered resources.
2023-05-06 16:50:45,989 [Worker-13: Building] INFO  o.e.m.c.i.embedder.EclipseLogger - skip non existing resourceDirectory G:\JAVA_FRAMWORK\SPRING\SpringCORE\src\test\resources
2023-05-06 16:51:24,148 [Worker-4: Building] INFO  o.e.m.c.i.embedder.EclipseLogger - Using 'UTF-8' encoding to copy filtered resources.
2023-05-06 16:51:24,148 [Worker-4: Building] INFO  o.e.m.c.i.embedder.EclipseLogger - skip non existing resourceDirectory G:\JAVA_FRAMWORK\SPRING\SpringCORE\src\main\resources
2023-05-06 16:51:24,152 [Worker-4: Building] INFO  o.e.m.c.i.embedder.EclipseLogger - Using 'UTF-8' encoding to copy filtered resources.
2023-05-06 16:51:24,153 [Worker-4: Building] INFO  o.e.m.c.i.embedder.EclipseLogger - skip non existing resourceDirectory G:\JAVA_FRAMWORK\SPRING\SpringCORE\src\test\resources
2023-05-06 16:52:16,154 [Worker-15: Building] INFO  o.e.m.c.i.embedder.EclipseLogger - Using 'UTF-8' encoding to copy filtered resources.
2023-05-06 16:52:16,155 [Worker-15: Building] INFO  o.e.m.c.i.embedder.EclipseLogger - skip non existing resourceDirectory G:\JAVA_FRAMWORK\SPRING\SpringCORE\src\main\resources
2023-05-06 16:52:16,164 [Worker-15: Building] INFO  o.e.m.c.i.embedder.EclipseLogger - Using 'UTF-8' encoding to copy filtered resources.
2023-05-06 16:52:16,165 [Worker-15: Building] INFO  o.e.m.c.i.embedder.EclipseLogger - skip non existing resourceDirectory G:\JAVA_FRAMWORK\SPRING\SpringCORE\src\test\resources
2023-05-06 16:53:43,531 [Worker-15: Building] INFO  o.e.m.c.i.embedder.EclipseLogger - Using 'UTF-8' encoding to copy filtered resources.
2023-05-06 16:53:43,531 [Worker-15: Building] INFO  o.e.m.c.i.embedder.EclipseLogger - skip non existing resourceDirectory G:\JAVA_FRAMWORK\SPRING\SpringCORE\src\main\resources
2023-05-06 16:53:43,535 [Worker-15: Building] INFO  o.e.m.c.i.embedder.EclipseLogger - Using 'UTF-8' encoding to copy filtered resources.
2023-05-06 16:53:43,536 [Worker-15: Building] INFO  o.e.m.c.i.embedder.EclipseLogger - skip non existing resourceDirectory G:\JAVA_FRAMWORK\SPRING\SpringCORE\src\test\resources
2023-05-06 16:54:45,340 [Worker-16: Building] INFO  o.e.m.c.i.embedder.EclipseLogger - Using 'UTF-8' encoding to copy filtered resources.
2023-05-06 16:54:45,340 [Worker-16: Building] INFO  o.e.m.c.i.embedder.EclipseLogger - skip non existing resourceDirectory G:\JAVA_FRAMWORK\SPRING\SpringCORE\src\main\resources
2023-05-06 16:54:45,345 [Worker-16: Building] INFO  o.e.m.c.i.embedder.EclipseLogger - Using 'UTF-8' encoding to copy filtered resources.
2023-05-06 16:54:45,346 [Worker-16: Building] INFO  o.e.m.c.i.embedder.EclipseLogger - skip non existing resourceDirectory G:\JAVA_FRAMWORK\SPRING\SpringCORE\src\test\resources
2023-05-06 16:56:28,810 [Worker-15: Building] INFO  o.e.m.c.i.embedder.EclipseLogger - Using 'UTF-8' encoding to copy filtered resources.
2023-05-06 16:56:28,810 [Worker-15: Building] INFO  o.e.m.c.i.embedder.EclipseLogger - skip non existing resourceDirectory G:\JAVA_FRAMWORK\SPRING\SpringCORE\src\main\resources
2023-05-06 16:56:28,814 [Worker-15: Building] INFO  o.e.m.c.i.embedder.EclipseLogger - Using 'UTF-8' encoding to copy filtered resources.
2023-05-06 16:56:28,814 [Worker-15: Building] INFO  o.e.m.c.i.embedder.EclipseLogger - skip non existing resourceDirectory G:\JAVA_FRAMWORK\SPRING\SpringCORE\src\test\resources
2023-05-06 16:57:19,775 [Worker-14: Building] INFO  o.e.m.c.i.embedder.EclipseLogger - Using 'UTF-8' encoding to copy filtered resources.
2023-05-06 16:57:19,775 [Worker-14: Building] INFO  o.e.m.c.i.embedder.EclipseLogger - skip non existing resourceDirectory G:\JAVA_FRAMWORK\SPRING\SpringCORE\src\main\resources
2023-05-06 16:57:19,780 [Worker-14: Building] INFO  o.e.m.c.i.embedder.EclipseLogger - Using 'UTF-8' encoding to copy filtered resources.
2023-05-06 16:57:19,780 [Worker-14: Building] INFO  o.e.m.c.i.embedder.EclipseLogger - skip non existing resourceDirectory G:\JAVA_FRAMWORK\SPRING\SpringCORE\src\test\resources
2023-05-06 16:57:25,366 [Worker-18: Building] INFO  o.e.m.c.i.embedder.EclipseLogger - Using 'UTF-8' encoding to copy filtered resources.
2023-05-06 16:57:25,366 [Worker-18: Building] INFO  o.e.m.c.i.embedder.EclipseLogger - skip non existing resourceDirectory G:\JAVA_FRAMWORK\SPRING\SpringCORE\src\main\resources
2023-05-06 16:57:25,371 [Worker-18: Building] INFO  o.e.m.c.i.embedder.EclipseLogger - Using 'UTF-8' encoding to copy filtered resources.
2023-05-06 16:57:25,371 [Worker-18: Building] INFO  o.e.m.c.i.embedder.EclipseLogger - skip non existing resourceDirectory G:\JAVA_FRAMWORK\SPRING\SpringCORE\src\test\resources
2023-05-06 16:58:09,638 [Worker-13: Building] INFO  o.e.m.c.i.embedder.EclipseLogger - Using 'UTF-8' encoding to copy filtered resources.
2023-05-06 16:58:09,639 [Worker-13: Building] INFO  o.e.m.c.i.embedder.EclipseLogger - skip non existing resourceDirectory G:\JAVA_FRAMWORK\SPRING\SpringCORE\src\main\resources
2023-05-06 16:58:09,642 [Worker-13: Building] INFO  o.e.m.c.i.embedder.EclipseLogger - Using 'UTF-8' encoding to copy filtered resources.
2023-05-06 16:58:09,643 [Worker-13: Building] INFO  o.e.m.c.i.embedder.EclipseLogger - skip non existing resourceDirectory G:\JAVA_FRAMWORK\SPRING\SpringCORE\src\test\resources
2023-05-06 17:00:47,719 [Worker-14: Building] INFO  o.e.m.c.i.embedder.EclipseLogger - Using 'UTF-8' encoding to copy filtered resources.
2023-05-06 17:00:47,720 [Worker-14: Building] INFO  o.e.m.c.i.embedder.EclipseLogger - skip non existing resourceDirectory G:\JAVA_FRAMWORK\SPRING\SpringCORE\src\main\resources
2023-05-06 17:00:47,724 [Worker-14: Building] INFO  o.e.m.c.i.embedder.EclipseLogger - Using 'UTF-8' encoding to copy filtered resources.
2023-05-06 17:00:47,724 [Worker-14: Building] INFO  o.e.m.c.i.embedder.EclipseLogger - skip non existing resourceDirectory G:\JAVA_FRAMWORK\SPRING\SpringCORE\src\test\resources
2023-05-06 17:00:50,994 [Worker-13: Building] INFO  o.e.m.c.i.embedder.EclipseLogger - Using 'UTF-8' encoding to copy filtered resources.
2023-05-06 17:00:50,995 [Worker-13: Building] INFO  o.e.m.c.i.embedder.EclipseLogger - skip non existing resourceDirectory G:\JAVA_FRAMWORK\SPRING\SpringCORE\src\main\resources
2023-05-06 17:00:50,999 [Worker-13: Building] INFO  o.e.m.c.i.embedder.EclipseLogger - Using 'UTF-8' encoding to copy filtered resources.
2023-05-06 17:00:51,000 [Worker-13: Building] INFO  o.e.m.c.i.embedder.EclipseLogger - skip non existing resourceDirectory G:\JAVA_FRAMWORK\SPRING\SpringCORE\src\test\resources
2023-05-06 17:01:22,338 [Worker-4: Building] INFO  o.e.m.c.i.embedder.EclipseLogger - Using 'UTF-8' encoding to copy filtered resources.
2023-05-06 17:01:22,338 [Worker-4: Building] INFO  o.e.m.c.i.embedder.EclipseLogger - skip non existing resourceDirectory G:\JAVA_FRAMWORK\SPRING\SpringCORE\src\main\resources
2023-05-06 17:01:22,343 [Worker-4: Building] INFO  o.e.m.c.i.embedder.EclipseLogger - Using 'UTF-8' encoding to copy filtered resources.
2023-05-06 17:01:22,343 [Worker-4: Building] INFO  o.e.m.c.i.embedder.EclipseLogger - skip non existing resourceDirectory G:\JAVA_FRAMWORK\SPRING\SpringCORE\src\test\resources
2023-05-06 17:02:52,557 [Worker-4: Building] INFO  o.e.m.c.i.embedder.EclipseLogger - Using 'UTF-8' encoding to copy filtered resources.
2023-05-06 17:02:52,557 [Worker-4: Building] INFO  o.e.m.c.i.embedder.EclipseLogger - skip non existing resourceDirectory G:\JAVA_FRAMWORK\SPRING\SpringCORE\src\main\resources
2023-05-06 17:02:52,562 [Worker-4: Building] INFO  o.e.m.c.i.embedder.EclipseLogger - Using 'UTF-8' encoding to copy filtered resources.
2023-05-06 17:02:52,562 [Worker-4: Building] INFO  o.e.m.c.i.embedder.EclipseLogger - skip non existing resourceDirectory G:\JAVA_FRAMWORK\SPRING\SpringCORE\src\test\resources
2023-05-06 17:03:49,908 [Worker-4: Building] INFO  o.e.m.c.i.embedder.EclipseLogger - Using 'UTF-8' encoding to copy filtered resources.
2023-05-06 17:03:49,909 [Worker-4: Building] INFO  o.e.m.c.i.embedder.EclipseLogger - skip non existing resourceDirectory G:\JAVA_FRAMWORK\SPRING\SpringCORE\src\main\resources
2023-05-06 17:03:49,915 [Worker-4: Building] INFO  o.e.m.c.i.embedder.EclipseLogger - Using 'UTF-8' encoding to copy filtered resources.
2023-05-06 17:03:49,916 [Worker-4: Building] INFO  o.e.m.c.i.embedder.EclipseLogger - skip non existing resourceDirectory G:\JAVA_FRAMWORK\SPRING\SpringCORE\src\test\resources
2023-05-06 17:03:55,383 [Worker-17: Building] INFO  o.e.m.c.i.embedder.EclipseLogger - Using 'UTF-8' encoding to copy filtered resources.
2023-05-06 17:03:55,384 [Worker-17: Building] INFO  o.e.m.c.i.embedder.EclipseLogger - skip non existing resourceDirectory G:\JAVA_FRAMWORK\SPRING\SpringCORE\src\main\resources
2023-05-06 17:03:55,392 [Worker-17: Building] INFO  o.e.m.c.i.embedder.EclipseLogger - Using 'UTF-8' encoding to copy filtered resources.
2023-05-06 17:03:55,392 [Worker-17: Building] INFO  o.e.m.c.i.embedder.EclipseLogger - skip non existing resourceDirectory G:\JAVA_FRAMWORK\SPRING\SpringCORE\src\test\resources
2023-05-06 17:04:40,397 [Worker-17: Building] INFO  o.e.m.c.i.embedder.EclipseLogger - Using 'UTF-8' encoding to copy filtered resources.
2023-05-06 17:04:40,398 [Worker-17: Building] INFO  o.e.m.c.i.embedder.EclipseLogger - skip non existing resourceDirectory G:\JAVA_FRAMWORK\SPRING\SpringCORE\src\main\resources
2023-05-06 17:04:40,405 [Worker-17: Building] INFO  o.e.m.c.i.embedder.EclipseLogger - Using 'UTF-8' encoding to copy filtered resources.
2023-05-06 17:04:40,406 [Worker-17: Building] INFO  o.e.m.c.i.embedder.EclipseLogger - skip non existing resourceDirectory G:\JAVA_FRAMWORK\SPRING\SpringCORE\src\test\resources
2023-05-06 17:05:23,720 [Worker-19: Building] INFO  o.e.m.c.i.embedder.EclipseLogger - Using 'UTF-8' encoding to copy filtered resources.
2023-05-06 17:05:23,720 [Worker-19: Building] INFO  o.e.m.c.i.embedder.EclipseLogger - skip non existing resourceDirectory G:\JAVA_FRAMWORK\SPRING\SpringCORE\src\main\resources
2023-05-06 17:05:23,724 [Worker-19: Building] INFO  o.e.m.c.i.embedder.EclipseLogger - Using 'UTF-8' encoding to copy filtered resources.
2023-05-06 17:05:23,724 [Worker-19: Building] INFO  o.e.m.c.i.embedder.EclipseLogger - skip non existing resourceDirectory G:\JAVA_FRAMWORK\SPRING\SpringCORE\src\test\resources
